
> sellermind@0.1.0 build
> next build

  ▲ Next.js 14.2.28
  - Environments: .env.local

   Creating an optimized production build ...
 ✓ Compiled successfully
   Skipping validation of types
   Skipping linting
   Collecting page data ...
   Generating static pages (0/30) ...
   Generating static pages (7/30) 
Usage API error: B [Error]: Dynamic server usage: Route /api/usage couldn't be rendered statically because it used `nextUrl.searchParams`. See more info here: https://nextjs.org/docs/messages/dynamic-server-error
    at V (/root/sellermind_build/node_modules/next/dist/compiled/next-server/app-route.runtime.prod.js:6:21778)
    at Object.get (/root/sellermind_build/node_modules/next/dist/compiled/next-server/app-route.runtime.prod.js:6:29137)
    at u (/root/sellermind_build/.next/server/app/api/usage/route.js:1:533)
    at /root/sellermind_build/node_modules/next/dist/compiled/next-server/app-route.runtime.prod.js:6:38417
    at /root/sellermind_build/node_modules/next/dist/server/lib/trace/tracer.js:140:36
    at NoopContextManager.with (/root/sellermind_build/node_modules/next/dist/compiled/@opentelemetry/api/index.js:1:7062)
    at ContextAPI.with (/root/sellermind_build/node_modules/next/dist/compiled/@opentelemetry/api/index.js:1:518)
    at NoopTracer.startActiveSpan (/root/sellermind_build/node_modules/next/dist/compiled/@opentelemetry/api/index.js:1:18093)
    at ProxyTracer.startActiveSpan (/root/sellermind_build/node_modules/next/dist/compiled/@opentelemetry/api/index.js:1:18854)
    at /root/sellermind_build/node_modules/next/dist/server/lib/trace/tracer.js:122:103 {
  description: "Route /api/usage couldn't be rendered statically because it used `nextUrl.searchParams`. See more info here: https://nextjs.org/docs/messages/dynamic-server-error",
  digest: 'DYNAMIC_SERVER_USAGE'
}
   Generating static pages (14/30) 
   Generating static pages (22/30) 
 ✓ Generating static pages (30/30)
   Finalizing page optimization ...
   Collecting build traces ...

Route (app)                              Size     First Load JS
┌ ○ /                                    184 B            96 kB
├ ○ /_not-found                          873 B            88 kB
├ ƒ /api/admin/init                      0 B                0 B
├ ƒ /api/batch                           0 B                0 B
├ ƒ /api/checkout                        0 B                0 B
├ ƒ /api/holiday                         0 B                0 B
├ ƒ /api/holiday-marketing               0 B                0 B
├ ƒ /api/listing                         0 B                0 B
├ ƒ /api/reply                           0 B                0 B
├ ƒ /api/review                          0 B                0 B
├ ƒ /api/review-response                 0 B                0 B
├ ƒ /api/seo-analyze                     0 B                0 B
├ ƒ /api/tag-generate                    0 B                0 B
├ ƒ /api/title-generate                  0 B                0 B
├ ƒ /api/usage                           0 B                0 B
├ ƒ /api/webhooks/creem                  0 B                0 B
├ ƒ /api/webhooks/dodo                   0 B                0 B
├ ○ /dmca                                184 B            96 kB
├ ○ /payment-success                     1.17 kB          97 kB
├ ○ /pricing                             3.09 kB        90.2 kB
├ ○ /privacy                             184 B            96 kB
├ ○ /robots.txt                          0 B                0 B
├ ○ /sitemap.xml                         0 B                0 B
├ ○ /terms                               184 B            96 kB
├ ○ /tools                               5.25 kB         108 kB
├ ○ /tools/batch                         4.48 kB         111 kB
├ ○ /tools/etsy-holiday-marketing        6.68 kB         116 kB
├ ○ /tools/etsy-review-response          6.71 kB         116 kB
├ ○ /tools/etsy-seo-tool                 6 kB            115 kB
├ ○ /tools/etsy-tag-generator            6.53 kB         116 kB
├ ○ /tools/etsy-title-generator          6.91 kB         116 kB
├ ○ /tools/holiday                       6.49 kB         113 kB
├ ○ /tools/listing                       6.33 kB         113 kB
├ ○ /tools/reply                         4.68 kB         111 kB
└ ○ /tools/review                        5.14 kB         111 kB
+ First Load JS shared by all            87.1 kB
  ├ chunks/117-02710492d15091c6.js       31.6 kB
  ├ chunks/fd9d1056-82a79cf79a65d5d3.js  53.6 kB
  └ other shared chunks (total)          1.89 kB


ƒ Middleware                             26.6 kB

○  (Static)   prerendered as static content
ƒ  (Dynamic)  server-rendered on demand

